[ 2018-03-08T08:29:36+08:00 ] 192.168.9.1 /css/admin/bootstrap.min.css.map
INFO: [ app_init ] --START--
INFO: Run Behavior\BuildLiteBehavior [ RunTime:0.000006s ]
INFO: [ app_init ] --END-- [ RunTime:0.000152s ]
INFO: [ app_begin ] --START--
INFO: Run Behavior\ReadHtmlCacheBehavior [ RunTime:0.000350s ]
INFO: [ app_begin ] --END-- [ RunTime:0.000373s ]
ERR: 非法操作:admin

[ 2018-03-08T08:29:39+08:00 ] 192.168.9.1 /img/a7.jpg
INFO: [ app_init ] --START--
INFO: Run Behavior\BuildLiteBehavior [ RunTime:0.000005s ]
INFO: [ app_init ] --END-- [ RunTime:0.000133s ]

[ 2018-03-08T08:29:39+08:00 ] 192.168.9.1 /img/a1.jpg
INFO: [ app_init ] --START--
INFO: Run Behavior\BuildLiteBehavior [ RunTime:0.000005s ]
INFO: [ app_init ] --END-- [ RunTime:0.000142s ]

[ 2018-03-08T08:29:39+08:00 ] 192.168.9.1 /css/admin/bootstrap.min.css.map
INFO: [ app_init ] --START--
INFO: Run Behavior\BuildLiteBehavior [ RunTime:0.000006s ]
INFO: [ app_init ] --END-- [ RunTime:0.000142s ]
INFO: [ app_begin ] --START--
INFO: Run Behavior\ReadHtmlCacheBehavior [ RunTime:0.000181s ]
INFO: [ app_begin ] --END-- [ RunTime:0.000192s ]
ERR: 非法操作:admin

[ 2018-03-08T08:29:39+08:00 ] 192.168.9.1 /css/admin/bootstrap.min.css.map
INFO: [ app_init ] --START--
INFO: Run Behavior\BuildLiteBehavior [ RunTime:0.000004s ]
INFO: [ app_init ] --END-- [ RunTime:0.000122s ]
INFO: [ app_begin ] --START--
INFO: Run Behavior\ReadHtmlCacheBehavior [ RunTime:0.000166s ]
INFO: [ app_begin ] --END-- [ RunTime:0.000231s ]
ERR: 非法操作:admin

[ 2018-03-08T09:36:05+08:00 ] 192.168.9.1 /css/admin/bootstrap.min.css.map
INFO: [ app_init ] --START--
INFO: Run Behavior\BuildLiteBehavior [ RunTime:0.000005s ]
INFO: [ app_init ] --END-- [ RunTime:0.000206s ]
INFO: [ app_begin ] --START--
INFO: Run Behavior\ReadHtmlCacheBehavior [ RunTime:0.000165s ]
INFO: [ app_begin ] --END-- [ RunTime:0.000178s ]
ERR: 非法操作:admin

[ 2018-03-08T09:36:59+08:00 ] 192.168.9.1 /css/admin/bootstrap.min.css.map
INFO: [ app_init ] --START--
INFO: Run Behavior\BuildLiteBehavior [ RunTime:0.000004s ]
INFO: [ app_init ] --END-- [ RunTime:0.000119s ]
INFO: [ app_begin ] --START--
INFO: Run Behavior\ReadHtmlCacheBehavior [ RunTime:0.000245s ]
INFO: [ app_begin ] --END-- [ RunTime:0.000257s ]
ERR: 非法操作:admin

[ 2018-03-08T09:37:01+08:00 ] 192.168.9.1 /css/admin/bootstrap.min.css.map
INFO: [ app_init ] --START--
INFO: Run Behavior\BuildLiteBehavior [ RunTime:0.000110s ]
INFO: [ app_init ] --END-- [ RunTime:0.000230s ]
INFO: [ app_begin ] --START--
INFO: Run Behavior\ReadHtmlCacheBehavior [ RunTime:0.000245s ]
INFO: [ app_begin ] --END-- [ RunTime:0.000256s ]
ERR: 非法操作:admin

[ 2018-03-08T09:38:50+08:00 ] 192.168.9.1 /css/admin/bootstrap.min.css.map
INFO: [ app_init ] --START--
INFO: Run Behavior\BuildLiteBehavior [ RunTime:0.000005s ]
INFO: [ app_init ] --END-- [ RunTime:0.000129s ]
INFO: [ app_begin ] --START--
INFO: Run Behavior\ReadHtmlCacheBehavior [ RunTime:0.000174s ]
INFO: [ app_begin ] --END-- [ RunTime:0.000186s ]
ERR: 非法操作:admin

[ 2018-03-08T09:39:18+08:00 ] 192.168.9.1 /css/admin/bootstrap.min.css.map
INFO: [ app_init ] --START--
INFO: Run Behavior\BuildLiteBehavior [ RunTime:0.000005s ]
INFO: [ app_init ] --END-- [ RunTime:0.000137s ]
INFO: [ app_begin ] --START--
INFO: Run Behavior\ReadHtmlCacheBehavior [ RunTime:0.000280s ]
INFO: [ app_begin ] --END-- [ RunTime:0.000295s ]
ERR: 非法操作:admin

[ 2018-03-08T09:42:41+08:00 ] 192.168.9.1 /css/admin/bootstrap.min.css.map
INFO: [ app_init ] --START--
INFO: Run Behavior\BuildLiteBehavior [ RunTime:0.000005s ]
INFO: [ app_init ] --END-- [ RunTime:0.000140s ]
INFO: [ app_begin ] --START--
INFO: Run Behavior\ReadHtmlCacheBehavior [ RunTime:0.000177s ]
INFO: [ app_begin ] --END-- [ RunTime:0.000189s ]
ERR: 非法操作:admin

[ 2018-03-08T09:42:45+08:00 ] 192.168.9.1 /css/admin/bootstrap.min.css.map
INFO: [ app_init ] --START--
INFO: Run Behavior\BuildLiteBehavior [ RunTime:0.000004s ]
INFO: [ app_init ] --END-- [ RunTime:0.000121s ]
INFO: [ app_begin ] --START--
INFO: Run Behavior\ReadHtmlCacheBehavior [ RunTime:0.000230s ]
INFO: [ app_begin ] --END-- [ RunTime:0.000241s ]
ERR: 非法操作:admin

[ 2018-03-08T14:03:55+08:00 ] 192.168.9.1 /css/admin/bootstrap.min.css.map
INFO: [ app_init ] --START--
INFO: Run Behavior\BuildLiteBehavior [ RunTime:0.000005s ]
INFO: [ app_init ] --END-- [ RunTime:0.000122s ]
INFO: [ app_begin ] --START--
INFO: Run Behavior\ReadHtmlCacheBehavior [ RunTime:0.000164s ]
INFO: [ app_begin ] --END-- [ RunTime:0.000175s ]
ERR: 非法操作:admin

[ 2018-03-08T14:03:57+08:00 ] 192.168.9.1 /css/admin/bootstrap.min.css.map
INFO: [ app_init ] --START--
INFO: Run Behavior\BuildLiteBehavior [ RunTime:0.000005s ]
INFO: [ app_init ] --END-- [ RunTime:0.000122s ]
INFO: [ app_begin ] --START--
INFO: Run Behavior\ReadHtmlCacheBehavior [ RunTime:0.000167s ]
INFO: [ app_begin ] --END-- [ RunTime:0.000179s ]
ERR: 非法操作:admin

[ 2018-03-08T14:06:04+08:00 ] 192.168.9.1 /css/admin/bootstrap.min.css.map
INFO: [ app_init ] --START--
INFO: Run Behavior\BuildLiteBehavior [ RunTime:0.000005s ]
INFO: [ app_init ] --END-- [ RunTime:0.000250s ]
INFO: [ app_begin ] --START--
INFO: Run Behavior\ReadHtmlCacheBehavior [ RunTime:0.000171s ]
INFO: [ app_begin ] --END-- [ RunTime:0.000183s ]
ERR: 非法操作:admin

[ 2018-03-08T16:50:46+08:00 ] 192.168.9.1 /img/a7.jpg
INFO: [ app_init ] --START--
INFO: Run Behavior\BuildLiteBehavior [ RunTime:0.000005s ]
INFO: [ app_init ] --END-- [ RunTime:0.000133s ]

[ 2018-03-08T16:50:46+08:00 ] 192.168.9.1 /img/a1.jpg
INFO: [ app_init ] --START--
INFO: Run Behavior\BuildLiteBehavior [ RunTime:0.000005s ]
INFO: [ app_init ] --END-- [ RunTime:0.000201s ]

[ 2018-03-08T16:50:46+08:00 ] 192.168.9.1 /css/admin/bootstrap.min.css.map
INFO: [ app_init ] --START--
INFO: Run Behavior\BuildLiteBehavior [ RunTime:0.000004s ]
INFO: [ app_init ] --END-- [ RunTime:0.000237s ]
INFO: [ app_begin ] --START--
INFO: Run Behavior\ReadHtmlCacheBehavior [ RunTime:0.000305s ]
INFO: [ app_begin ] --END-- [ RunTime:0.000325s ]
ERR: 非法操作:admin

[ 2018-03-08T16:50:54+08:00 ] 192.168.9.1 /css/admin/bootstrap.min.css.map
INFO: [ app_init ] --START--
INFO: Run Behavior\BuildLiteBehavior [ RunTime:0.000005s ]
INFO: [ app_init ] --END-- [ RunTime:0.000123s ]
INFO: [ app_begin ] --START--
INFO: Run Behavior\ReadHtmlCacheBehavior [ RunTime:0.000164s ]
INFO: [ app_begin ] --END-- [ RunTime:0.000175s ]
ERR: 非法操作:admin

[ 2018-03-08T16:50:56+08:00 ] 192.168.9.1 /css/admin/bootstrap.min.css.map
INFO: [ app_init ] --START--
INFO: Run Behavior\BuildLiteBehavior [ RunTime:0.000004s ]
INFO: [ app_init ] --END-- [ RunTime:0.000119s ]
INFO: [ app_begin ] --START--
INFO: Run Behavior\ReadHtmlCacheBehavior [ RunTime:0.000186s ]
INFO: [ app_begin ] --END-- [ RunTime:0.000197s ]
ERR: 非法操作:admin

[ 2018-03-08T16:50:58+08:00 ] 192.168.9.1 /css/admin/bootstrap.min.css.map
INFO: [ app_init ] --START--
INFO: Run Behavior\BuildLiteBehavior [ RunTime:0.000004s ]
INFO: [ app_init ] --END-- [ RunTime:0.000211s ]
INFO: [ app_begin ] --START--
INFO: Run Behavior\ReadHtmlCacheBehavior [ RunTime:0.000167s ]
INFO: [ app_begin ] --END-- [ RunTime:0.000179s ]
ERR: 非法操作:admin

[ 2018-03-08T16:50:58+08:00 ] 192.168.9.1 /css/admin/bootstrap.min.css.map
INFO: [ app_init ] --START--
INFO: Run Behavior\BuildLiteBehavior [ RunTime:0.000005s ]
INFO: [ app_init ] --END-- [ RunTime:0.000177s ]
INFO: [ app_begin ] --START--
INFO: Run Behavior\ReadHtmlCacheBehavior [ RunTime:0.000337s ]
INFO: [ app_begin ] --END-- [ RunTime:0.000456s ]
ERR: 非法操作:admin

[ 2018-03-08T16:51:01+08:00 ] 192.168.9.1 /css/admin/bootstrap.min.css.map
INFO: [ app_init ] --START--
INFO: Run Behavior\BuildLiteBehavior [ RunTime:0.000004s ]
INFO: [ app_init ] --END-- [ RunTime:0.000124s ]
INFO: [ app_begin ] --START--
INFO: Run Behavior\ReadHtmlCacheBehavior [ RunTime:0.000248s ]
INFO: [ app_begin ] --END-- [ RunTime:0.000261s ]
ERR: 非法操作:admin

[ 2018-03-08T16:51:08+08:00 ] 192.168.9.1 /css/admin/bootstrap.min.css.map
INFO: [ app_init ] --START--
INFO: Run Behavior\BuildLiteBehavior [ RunTime:0.000005s ]
INFO: [ app_init ] --END-- [ RunTime:0.000134s ]
INFO: [ app_begin ] --START--
INFO: Run Behavior\ReadHtmlCacheBehavior [ RunTime:0.000179s ]
INFO: [ app_begin ] --END-- [ RunTime:0.000191s ]
ERR: 非法操作:admin

[ 2018-03-08T16:51:11+08:00 ] 192.168.9.1 /css/admin/bootstrap.min.css.map
INFO: [ app_init ] --START--
INFO: Run Behavior\BuildLiteBehavior [ RunTime:0.000007s ]
INFO: [ app_init ] --END-- [ RunTime:0.000208s ]
INFO: [ app_begin ] --START--
INFO: Run Behavior\ReadHtmlCacheBehavior [ RunTime:0.000238s ]
INFO: [ app_begin ] --END-- [ RunTime:0.000282s ]
ERR: 非法操作:admin

